<?xml version="1.0" encoding="UTF-8" ?>
<testsuites>
  <testsuite errors="0" failures="0" hostname="debian23003162" id="0" name="LibrarianSpec" package="com.library" tests="1" time="7.068" timestamp="2015-04-22T22:11:29">
      <properties />

      <testcase classname="com.library.LibrarianSpec" name="test toString" time="6.91" />

      <system-out><![CDATA[--Output from test toString--
]]></system-out>

      <system-err><![CDATA[--Output from test toString--
]]></system-err>

  </testsuite>
</testsuites>
