<?xml version="1.0" encoding="UTF-8" ?>
<testsuite errors="1" failures="0" hostname="debian23003162" name="org.junit.runner.manipulation.Filter" tests="1" time="0.057" timestamp="2015-04-20T21:17:27">
  <properties />
  <testcase classname="org.junit.runner.manipulation.Filter" name="initializationError" time="0.048">
    <error message="No tests found matching grails test target pattern filter from org.junit.runner.Request$1@60e284f5" type="java.lang.Exception">java.lang.Exception: No tests found matching grails test target pattern filter from org.junit.runner.Request$1@60e284f5
</error>
  </testcase>
  <system-out><![CDATA[--Output from initializationError--
]]></system-out>
  <system-err><![CDATA[--Output from initializationError--
]]></system-err>
</testsuite>
